<?xml version="1.0" encoding="UTF-8"?>
<?xml-stylesheet type="text/xsl" href="xunit_refine.xsl"?>

<!--
    Copyright 2016 DLR - German Aerospace Center
   
    Licensed under the Apache License, Version 2.0 (the "License");
    you may not use this file except in compliance with the License.
    You may obtain a copy of the License at
   
    http://www.apache.org/licenses/LICENSE-2.0
   
    Unless required by applicable law or agreed to in writing, software
    distributed under the License is distributed on an "AS IS" BASIS,
    WITHOUT WARRANTIES OR CONDITIONS OF ANY KIND, either express or implied.
    See the License for the specific language governing permissions and
    limitations under the License.
 -->

<testsuites>
<testsuite name="Chrome 44.0.2403 (Windows 7 0.0.0)" package="Web-Login" timestamp="2015-08-21T09:46:44" id="0" hostname="SC-070010N" tests="3" errors="0" failures="0" time="0.003">
    <testcase name="create a new div with id=myDiv" time="0.003" classname="Web-Login utils &gt;"/>
  <testcase name="create a new div without attributes" time="0" classname="Web-Login utils &gt;"/>
  <testcase name="try to create element with invalid tag" time="0" classname="Web-Login utils &gt;"/>
  <system-out><![CDATA[
]]></system-out>
  <system-err/>
</testsuite>

<testsuite name="Firefox 40.0.0 (Windows 7 0.0.0)" package="Web-Login" timestamp="2015-08-21T09:46:46" id="0" hostname="SC-070010N" tests="3" errors="0" failures="0" time="0">
    <testcase name="create a new div with id=myDiv" time="0" classname="Web-Login utils &gt;"/>
  <testcase name="create a new div without attributes" time="0" classname="Web-Login utils &gt;"/>
  <testcase name="try to create element with invalid tag" time="0" classname="Web-Login utils &gt;"/>
  <system-out><![CDATA[
]]></system-out>
  <system-err/>
</testsuite>
</testsuites>
